error: Apr-20-2022 19:25:28: 	400 || Bad Request - /api/product/get/admin - GET - ::1
error: Apr-20-2022 19:26:36: 	400 || Bad Request - /api/product/get/admin?product%20=%2062600fcd8ef4ca3c879c3091 - GET - ::1
error: Apr-21-2022 13:20:30: 	400 || Bad Request - /api/user/delete/626104de21c43ddb309ea215 - DELETE - ::1
error: Apr-21-2022 13:21:56: 	400 || Bad Request - /api/user/delete/626104de21c43ddb309ea215 - DELETE - ::1
error: Apr-21-2022 14:34:07: 	400 || Bad Request - /api/user/delete/626104de21c43ddb309ea215 - DELETE - ::1
error: Apr-21-2022 14:34:47: 	400 || Bad Request - /api/user/delete/626104de21c43ddb309ea215 - DELETE - ::1
error: Apr-21-2022 14:43:47: 	400 || Bad Request - /api/auth/login - POST - ::1
error: Apr-21-2022 14:43:54: 	400 || Bad Request - /api/auth/login - POST - ::1
error: Apr-21-2022 15:03:43: 	400 || Bad Request - /api/user/delete/62612497de82d4f3fe31bdba - DELETE - ::1
error: Apr-21-2022 15:08:10: 	400 || Bad Request - /api/auth/register - POST - ::1
error: May-02-2022 16:22:29: 	400 || Bad Request - /api/user/getAllUser?New%20=%201 - GET - ::1
error: May-02-2022 16:24:55: 	400 || Bad Request - /api/user/getAllUser - GET - ::1
error: May-02-2022 16:24:56: 	400 || Bad Request - /api/user/getAllUser - GET - ::1
error: May-02-2022 16:32:43: 	400 || Bad Request - /api/user/getAllUser?New=1 - GET - ::1
error: May-02-2022 16:34:23: 	400 || Bad Request - /api/user/getAllUser?New=1 - GET - ::1
error: May-02-2022 17:30:55: 	400 || Bad Request - /api/auth/register - POST - ::1
error: May-02-2022 17:31:05: 	400 || Bad Request - /api/auth/register - POST - ::1
error: May-03-2022 12:57:08: 	400 || Bad Request - /api/user/getUser?search=b - GET - ::1
error: May-03-2022 12:57:54: 	400 || Bad Request - /api/user/getUser?search=b - GET - ::1
error: May-03-2022 12:58:30: 	400 || Bad Request - /api/user/getUser?search=b - GET - ::1
error: May-03-2022 14:30:48: 	400 || Bad Request - /api/user/getUser?length=5 - GET - ::1
error: May-03-2022 14:31:20: 	400 || Bad Request - /api/user/getUser?length=10 - GET - ::1
error: May-03-2022 14:31:51: 	400 || Bad Request - /api/user/getUser?length=7 - GET - ::1
error: May-03-2022 14:45:03: 	400 || Bad Request - /api/user/getUser?length=7 - GET - ::1
error: May-03-2022 14:45:40: 	400 || Bad Request - /api/user/getUser?length=7 - GET - ::1
error: May-03-2022 14:53:58: 	400 || Bad Request - /api/user/getUser?length=7 - GET - ::1
error: May-03-2022 14:54:26: 	400 || Bad Request - /api/user/getUser?length=7 - GET - ::1
error: May-03-2022 14:55:47: 	400 || Bad Request - /api/user/getUser?length=7 - GET - ::1
error: May-03-2022 14:56:24: 	400 || Bad Request - /api/user/getUser?length=7 - GET - ::1
error: May-03-2022 14:58:43: 	400 || Bad Request - /api/user/getUser?length=7 - GET - ::1
error: May-03-2022 14:58:56: 	400 || Bad Request - /api/user/getUser?length=5 - GET - ::1
error: May-03-2022 15:05:44: 	400 || Bad Request - /api/user/getUser?length=5 - GET - ::1
error: May-03-2022 15:05:46: 	400 || Bad Request - /api/user/getUser?length=5 - GET - ::1
error: May-03-2022 15:06:29: 	400 || Bad Request - /api/user/getUser?length=5 - GET - ::1
error: May-03-2022 15:06:56: 	400 || Bad Request - /api/user/getUser?length=5 - GET - ::1
error: May-04-2022 17:30:51: 	400 || Bad Request - /api/user/getAllUser?pageSize=10&startIndex=4 - GET - ::1
error: May-04-2022 17:32:57: 	400 || Bad Request - /api/user/getAllUser?pageSize=10&startIndex=4 - GET - ::1
error: May-04-2022 18:04:51: 	400 || Bad Request - /api/user/getAllUser?pageSize=10&startIndex=14 - GET - ::1
